0 info it worked if it ends with ok
1 verbose cli [ '/usr/local/bin/node',
1 verbose cli   '/usr/local/bin/npm',
1 verbose cli   'uninstall',
1 verbose cli   'ios-deploy',
1 verbose cli   '-g' ]
2 info using npm@3.10.3
3 info using node@v7.0.0-pre
4 silly loadCurrentTree Starting
5 silly install loadCurrentTree
6 silly install readGlobalPackageData
7 silly install normalizeTree
8 silly loadCurrentTree Finishing
9 silly loadIdealTree Starting
10 silly install loadIdealTree
11 silly cloneCurrentTree Starting
12 silly install cloneCurrentTreeToIdealTree
13 silly cloneCurrentTree Finishing
14 silly loadShrinkwrap Starting
15 silly install loadShrinkwrap
16 silly loadShrinkwrap Finishing
17 silly loadAllDepsIntoIdealTree Starting
18 silly uninstall loadAllDepsIntoIdealtree
19 silly loadAllDepsIntoIdealTree Finishing
20 silly loadIdealTree Finishing
21 silly currentTree lib
21 silly currentTree `-- ios-deploy@1.8.7
22 silly idealTree lib
23 silly generateActionsToTake Starting
24 silly install generateActionsToTake
25 warn checkPermissions Missing write access to /usr/local/lib/node_modules
26 silly rollbackFailedOptional Starting
27 silly rollbackFailedOptional Finishing
28 silly runTopLevelLifecycles Starting
29 silly runTopLevelLifecycles Finishing
30 silly install printInstalled
31 warn You are using a pre-release version of node and things may not work as expected
32 verbose stack Error: EACCES: permission denied, access '/usr/local/lib/node_modules'
32 verbose stack     at Error (native)
33 verbose cwd /Users/vincent/code/ionic/chaojidbq
34 error Darwin 16.0.0
35 error argv "/usr/local/bin/node" "/usr/local/bin/npm" "uninstall" "ios-deploy" "-g"
36 error node v7.0.0-pre
37 error npm  v3.10.3
38 error path /usr/local/lib/node_modules
39 error code EACCES
40 error errno -13
41 error syscall access
42 error Error: EACCES: permission denied, access '/usr/local/lib/node_modules'
42 error     at Error (native)
42 error  { Error: EACCES: permission denied, access '/usr/local/lib/node_modules'
42 error     at Error (native)
42 error   errno: -13,
42 error   code: 'EACCES',
42 error   syscall: 'access',
42 error   path: '/usr/local/lib/node_modules' }
43 error Please try running this command again as root/Administrator.
44 verbose exit [ -13, true ]
